{"/Users/anderortiz/Desktop/fhreact/02-first-steps/src/FirstStepsApp.tsx": {"path":"/Users/anderortiz/Desktop/fhreact/02-first-steps/src/FirstStepsApp.tsx","all":false,"statementMap":{"0":{"start":{"line":1,"column":0},"end":{"line":1,"column":57}},"7":{"start":{"line":8,"column":0},"end":{"line":8,"column":35}},"8":{"start":{"line":9,"column":0},"end":{"line":9,"column":54}},"9":{"start":{"line":10,"column":0},"end":{"line":10,"column":51}},"10":{"start":{"line":11,"column":0},"end":{"line":11,"column":48}},"11":{"start":{"line":12,"column":0},"end":{"line":12,"column":1}},"14":{"start":{"line":15,"column":0},"end":{"line":15,"column":36}},"15":{"start":{"line":16,"column":0},"end":{"line":16,"column":12}},"16":{"start":{"line":17,"column":0},"end":{"line":17,"column":10}},"17":{"start":{"line":18,"column":0},"end":{"line":18,"column":39}},"19":{"start":{"line":20,"column":0},"end":{"line":20,"column":55}},"20":{"start":{"line":21,"column":0},"end":{"line":21,"column":84}},"29":{"start":{"line":30,"column":0},"end":{"line":30,"column":1}}},"s":{"0":1,"7":1,"8":1,"9":1,"10":1,"11":1,"14":1,"15":3,"16":3,"17":3,"19":3,"20":3,"29":3},"branchMap":{"0":{"type":"branch","line":15,"loc":{"start":{"line":15,"column":29},"end":{"line":30,"column":1}},"locations":[{"start":{"line":15,"column":29},"end":{"line":30,"column":1}}]}},"b":{"0":[3]},"fnMap":{"0":{"name":"FirstStepsApp","decl":{"start":{"line":15,"column":29},"end":{"line":30,"column":1}},"loc":{"start":{"line":15,"column":29},"end":{"line":30,"column":1}},"line":15}},"f":{"0":3}}
,"/Users/anderortiz/Desktop/fhreact/02-first-steps/src/MyAwesomeApp.tsx": {"path":"/Users/anderortiz/Desktop/fhreact/02-first-steps/src/MyAwesomeApp.tsx","all":false,"statementMap":{"3":{"start":{"line":4,"column":0},"end":{"line":4,"column":25}},"4":{"start":{"line":5,"column":0},"end":{"line":5,"column":23}},"5":{"start":{"line":6,"column":0},"end":{"line":6,"column":61}},"6":{"start":{"line":7,"column":0},"end":{"line":7,"column":20}},"7":{"start":{"line":8,"column":0},"end":{"line":8,"column":15}},"8":{"start":{"line":9,"column":0},"end":{"line":9,"column":23}},"9":{"start":{"line":10,"column":0},"end":{"line":10,"column":26}},"10":{"start":{"line":11,"column":0},"end":{"line":11,"column":6}},"11":{"start":{"line":12,"column":0},"end":{"line":12,"column":30}},"12":{"start":{"line":13,"column":0},"end":{"line":13,"column":32}},"13":{"start":{"line":14,"column":0},"end":{"line":14,"column":23}},"14":{"start":{"line":15,"column":0},"end":{"line":15,"column":40}},"15":{"start":{"line":16,"column":0},"end":{"line":16,"column":20}},"16":{"start":{"line":17,"column":0},"end":{"line":17,"column":22}},"17":{"start":{"line":18,"column":0},"end":{"line":18,"column":5}},"19":{"start":{"line":20,"column":0},"end":{"line":20,"column":32}},"20":{"start":{"line":21,"column":0},"end":{"line":21,"column":12}},"21":{"start":{"line":22,"column":0},"end":{"line":22,"column":35}},"22":{"start":{"line":23,"column":0},"end":{"line":23,"column":63}},"23":{"start":{"line":24,"column":0},"end":{"line":24,"column":31}},"25":{"start":{"line":26,"column":0},"end":{"line":26,"column":75}},"26":{"start":{"line":27,"column":0},"end":{"line":27,"column":26}},"28":{"start":{"line":29,"column":0},"end":{"line":29,"column":56}},"29":{"start":{"line":30,"column":0},"end":{"line":30,"column":60}},"32":{"start":{"line":33,"column":0},"end":{"line":33,"column":1}}},"s":{"3":1,"4":1,"5":1,"6":1,"7":1,"8":1,"9":1,"10":1,"11":1,"12":1,"13":1,"14":1,"15":1,"16":1,"17":1,"19":1,"20":4,"21":4,"22":4,"23":4,"25":4,"26":4,"28":4,"29":4,"32":4},"branchMap":{"0":{"type":"branch","line":15,"loc":{"start":{"line":15,"column":33},"end":{"line":15,"column":40}},"locations":[{"start":{"line":15,"column":33},"end":{"line":15,"column":40}}]},"1":{"type":"branch","line":20,"loc":{"start":{"line":20,"column":7},"end":{"line":33,"column":1}},"locations":[{"start":{"line":20,"column":7},"end":{"line":33,"column":1}}]},"2":{"type":"branch","line":29,"loc":{"start":{"line":29,"column":28},"end":{"line":29,"column":56}},"locations":[{"start":{"line":29,"column":28},"end":{"line":29,"column":56}}]}},"b":{"0":[0],"1":[4],"2":[0]},"fnMap":{"0":{"name":"MyAwasomeApp","decl":{"start":{"line":20,"column":7},"end":{"line":33,"column":1}},"loc":{"start":{"line":20,"column":7},"end":{"line":33,"column":1}},"line":20}},"f":{"0":4}}
,"/Users/anderortiz/Desktop/fhreact/02-first-steps/src/main.tsx": {"path":"/Users/anderortiz/Desktop/fhreact/02-first-steps/src/main.tsx","all":true,"statementMap":{"0":{"start":{"line":1,"column":0},"end":{"line":1,"column":34}},"1":{"start":{"line":2,"column":0},"end":{"line":2,"column":45}},"2":{"start":{"line":3,"column":0},"end":{"line":3,"column":48}},"3":{"start":{"line":4,"column":0},"end":{"line":4,"column":49}},"5":{"start":{"line":6,"column":0},"end":{"line":6,"column":52}},"6":{"start":{"line":7,"column":0},"end":{"line":7,"column":14}},"7":{"start":{"line":8,"column":0},"end":{"line":8,"column":20}}},"s":{"0":0,"1":0,"2":0,"3":0,"5":0,"6":0,"7":0},"branchMap":{"0":{"type":"branch","line":1,"loc":{"start":{"line":1,"column":316},"end":{"line":11,"column":1}},"locations":[{"start":{"line":1,"column":316},"end":{"line":11,"column":1}}]}},"b":{"0":[0]},"fnMap":{"0":{"name":"(empty-report)","decl":{"start":{"line":1,"column":316},"end":{"line":11,"column":1}},"loc":{"start":{"line":1,"column":316},"end":{"line":11,"column":1}},"line":1}},"f":{"0":0}}
,"/Users/anderortiz/Desktop/fhreact/02-first-steps/src/helpers/math.helper.ts": {"path":"/Users/anderortiz/Desktop/fhreact/02-first-steps/src/helpers/math.helper.ts","all":false,"statementMap":{"0":{"start":{"line":1,"column":0},"end":{"line":1,"column":45}},"1":{"start":{"line":2,"column":0},"end":{"line":2,"column":11}},"2":{"start":{"line":3,"column":0},"end":{"line":3,"column":17}},"3":{"start":{"line":4,"column":0},"end":{"line":4,"column":2}},"5":{"start":{"line":6,"column":0},"end":{"line":6,"column":50}},"6":{"start":{"line":7,"column":0},"end":{"line":7,"column":17}},"7":{"start":{"line":8,"column":0},"end":{"line":8,"column":2}},"9":{"start":{"line":10,"column":0},"end":{"line":10,"column":50}},"10":{"start":{"line":11,"column":0},"end":{"line":11,"column":17}},"11":{"start":{"line":12,"column":0},"end":{"line":12,"column":2}},"13":{"start":{"line":14,"column":0},"end":{"line":14,"column":48}},"14":{"start":{"line":15,"column":0},"end":{"line":15,"column":17}},"15":{"start":{"line":16,"column":0},"end":{"line":16,"column":2}}},"s":{"0":1,"1":1,"2":1,"3":1,"5":1,"6":2,"7":2,"9":1,"10":2,"11":2,"13":1,"14":1,"15":1},"branchMap":{"0":{"type":"branch","line":1,"loc":{"start":{"line":1,"column":20},"end":{"line":4,"column":2}},"locations":[{"start":{"line":1,"column":20},"end":{"line":4,"column":2}}]},"1":{"type":"branch","line":6,"loc":{"start":{"line":6,"column":25},"end":{"line":8,"column":2}},"locations":[{"start":{"line":6,"column":25},"end":{"line":8,"column":2}}]},"2":{"type":"branch","line":10,"loc":{"start":{"line":10,"column":25},"end":{"line":12,"column":2}},"locations":[{"start":{"line":10,"column":25},"end":{"line":12,"column":2}}]},"3":{"type":"branch","line":14,"loc":{"start":{"line":14,"column":23},"end":{"line":16,"column":2}},"locations":[{"start":{"line":14,"column":23},"end":{"line":16,"column":2}}]}},"b":{"0":[1],"1":[2],"2":[2],"3":[1]},"fnMap":{"0":{"name":"add","decl":{"start":{"line":1,"column":20},"end":{"line":4,"column":2}},"loc":{"start":{"line":1,"column":20},"end":{"line":4,"column":2}},"line":1},"1":{"name":"subtract","decl":{"start":{"line":6,"column":25},"end":{"line":8,"column":2}},"loc":{"start":{"line":6,"column":25},"end":{"line":8,"column":2}},"line":6},"2":{"name":"multiply","decl":{"start":{"line":10,"column":25},"end":{"line":12,"column":2}},"loc":{"start":{"line":10,"column":25},"end":{"line":12,"column":2}},"line":10},"3":{"name":"divide","decl":{"start":{"line":14,"column":23},"end":{"line":16,"column":2}},"loc":{"start":{"line":14,"column":23},"end":{"line":16,"column":2}},"line":14}},"f":{"0":1,"1":2,"2":2,"3":1}}
,"/Users/anderortiz/Desktop/fhreact/02-first-steps/src/shopping-cart/ItemCounter.tsx": {"path":"/Users/anderortiz/Desktop/fhreact/02-first-steps/src/shopping-cart/ItemCounter.tsx","all":false,"statementMap":{"0":{"start":{"line":1,"column":0},"end":{"line":1,"column":17}},"2":{"start":{"line":3,"column":0},"end":{"line":3,"column":33}},"5":{"start":{"line":6,"column":0},"end":{"line":6,"column":29}},"6":{"start":{"line":7,"column":0},"end":{"line":7,"column":45}},"15":{"start":{"line":16,"column":0},"end":{"line":16,"column":63}},"17":{"start":{"line":18,"column":0},"end":{"line":18,"column":49}},"19":{"start":{"line":20,"column":0},"end":{"line":20,"column":52}},"20":{"start":{"line":21,"column":0},"end":{"line":21,"column":32}},"21":{"start":{"line":22,"column":0},"end":{"line":22,"column":36}},"22":{"start":{"line":23,"column":0},"end":{"line":23,"column":31}},"23":{"start":{"line":24,"column":0},"end":{"line":24,"column":10}},"25":{"start":{"line":26,"column":0},"end":{"line":26,"column":12}},"26":{"start":{"line":27,"column":0},"end":{"line":27,"column":16}},"27":{"start":{"line":28,"column":0},"end":{"line":28,"column":45}},"28":{"start":{"line":29,"column":0},"end":{"line":29,"column":38}},"30":{"start":{"line":31,"column":0},"end":{"line":31,"column":17}},"31":{"start":{"line":32,"column":0},"end":{"line":32,"column":47}},"32":{"start":{"line":33,"column":0},"end":{"line":33,"column":24}},"33":{"start":{"line":34,"column":0},"end":{"line":34,"column":57}},"34":{"start":{"line":35,"column":0},"end":{"line":35,"column":18}},"36":{"start":{"line":37,"column":0},"end":{"line":37,"column":22}},"38":{"start":{"line":39,"column":0},"end":{"line":39,"column":19}},"39":{"start":{"line":40,"column":0},"end":{"line":40,"column":40}},"40":{"start":{"line":41,"column":0},"end":{"line":41,"column":24}},"41":{"start":{"line":42,"column":0},"end":{"line":42,"column":32}},"42":{"start":{"line":43,"column":0},"end":{"line":43,"column":19}},"43":{"start":{"line":44,"column":0},"end":{"line":44,"column":35}},"44":{"start":{"line":45,"column":0},"end":{"line":45,"column":24}},"47":{"start":{"line":48,"column":0},"end":{"line":48,"column":2}}},"s":{"0":1,"2":1,"5":1,"6":1,"15":1,"17":9,"19":9,"20":9,"21":2,"22":1,"23":1,"25":9,"26":9,"27":9,"28":9,"30":9,"31":9,"32":9,"33":9,"34":9,"36":9,"38":9,"39":9,"40":9,"41":9,"42":9,"43":9,"44":9,"47":9},"branchMap":{"0":{"type":"branch","line":16,"loc":{"start":{"line":16,"column":27},"end":{"line":48,"column":2}},"locations":[{"start":{"line":16,"column":27},"end":{"line":48,"column":2}}]},"1":{"type":"branch","line":34,"loc":{"start":{"line":34,"column":37},"end":{"line":34,"column":49}},"locations":[{"start":{"line":34,"column":37},"end":{"line":34,"column":49}}]},"2":{"type":"branch","line":34,"loc":{"start":{"line":34,"column":41},"end":{"line":34,"column":57}},"locations":[{"start":{"line":34,"column":41},"end":{"line":34,"column":57}}]},"3":{"type":"branch","line":20,"loc":{"start":{"line":20,"column":22},"end":{"line":20,"column":52}},"locations":[{"start":{"line":20,"column":22},"end":{"line":20,"column":52}}]},"4":{"type":"branch","line":21,"loc":{"start":{"line":21,"column":25},"end":{"line":24,"column":10}},"locations":[{"start":{"line":21,"column":25},"end":{"line":24,"column":10}}]},"5":{"type":"branch","line":22,"loc":{"start":{"line":22,"column":29},"end":{"line":24,"column":10}},"locations":[{"start":{"line":22,"column":29},"end":{"line":24,"column":10}}]}},"b":{"0":[9],"1":[4],"2":[5],"3":[1],"4":[2],"5":[1]},"fnMap":{"0":{"name":"ItemCounter","decl":{"start":{"line":16,"column":27},"end":{"line":48,"column":2}},"loc":{"start":{"line":16,"column":27},"end":{"line":48,"column":2}},"line":16},"1":{"name":"handleAdd","decl":{"start":{"line":20,"column":22},"end":{"line":20,"column":52}},"loc":{"start":{"line":20,"column":22},"end":{"line":20,"column":52}},"line":20},"2":{"name":"handleSubtract","decl":{"start":{"line":21,"column":25},"end":{"line":24,"column":10}},"loc":{"start":{"line":21,"column":25},"end":{"line":24,"column":10}},"line":21}},"f":{"0":9,"1":1,"2":2}}
}
